<?xml version="1.0" encoding="UTF-8"?>
<!-- Generated by org.testng.reporters.JUnitXMLReporter -->
<testsuite ignored="0" hostname="DESKTOP-QII4S61" failures="0" tests="3" name="Subscription Test Firefox" time="51.957" errors="0" timestamp="2024-07-25T00:51:17 PKT">
  <testcase classname="com.testcrew.stc.tests.SubscriptionTest" name="validateSubscriptionPackages" time="14.815"/>
  <testcase classname="com.testcrew.stc.tests.SubscriptionTest" name="validateSubscriptionPackages" time="9.45"/>
  <testcase classname="com.testcrew.stc.tests.SubscriptionTest" name="validateSubscriptionPackages" time="8.641"/>
</testsuite> <!-- Subscription Test Firefox -->
