<?xml version="1.0" encoding="UTF-8"?>
<testsuite xmlns:xsi="http://www.w3.org/2001/XMLSchema-instance" xsi:noNamespaceSchemaLocation="https://maven.apache.org/surefire/maven-surefire-plugin/xsd/surefire-test-report-3.0.xsd" version="3.0" name="TestSuite" time="52.665" tests="3" errors="0" skipped="0" failures="0">
  <properties>
[...]
</properties>
  <testcase name="validateSubscriptionPackages[{country=sa, packages=[{type=LITE, price=15, currency=SAR}, {type=CLASSIC, price=25, currency=SAR}, {type=PREMIUM, price=60, currency=SAR}]}](1)" classname="com.testcrew.stc.tests.SubscriptionTest" time="14.817">
    <system-out><![CDATA[[TestNGContentHandler] [WARN] It is strongly recommended to add "<!DOCTYPE suite SYSTEM "https://testng.org/testng-1.0.dtd" >" at the top of the suite file [C:\Users\Arslan Ali\STC_Automation\testng.xml] otherwise TestNG may fail or not work as expected.
Browser parameter: firefox
URL parameter: https://subscribe.stctv.com/
]]></system-out>
    <system-err><![CDATA[1721850629066	geckodriver	INFO	Listening on 127.0.0.1:54307
1721850629605	mozrunner::runner	INFO	Running command: "C:\\Program Files\\Mozilla Firefox\\firefox.exe" "--marionette" "--remote-debugging-port" "63136" "--remote ... origins" "http://localhost:63136/" "-no-remote" "-profile" "C:\\Users\\ARSLAN~1\\AppData\\Local\\Temp\\rust_mozprofileBDH5J4"
console.warn: services.settings: Ignoring preference override of remote settings server
console.warn: services.settings: Allow by setting MOZ_REMOTE_SETTINGS_DEVTOOLS=1 in the environment
Dynamically enable window occlusion 0
1721850630093	Marionette	INFO	Marionette enabled
1721850630292	Marionette	INFO	Listening on port 64633
WebDriver BiDi listening on ws://127.0.0.1:63136
Read port: 64633
1721850630491	RemoteAgent	WARN	TLS certificate errors will be ignored for this session
DevTools listening on ws://127.0.0.1:63136/devtools/browser/6a4e7d8c-fa0b-4d2a-a5c1-ec39013d16cd
Jul 25, 2024 12:50:32 AM org.openqa.selenium.remote.ProtocolHandshake createSession
INFO: Detected upstream dialect: W3C
JavaScript warning: https://sc-static.net/scevent.min.js, line 2: Script terminated by timeout at:
m@https://sc-static.net/scevent.min.js:2:2789
c@https://sc-static.net/scevent.min.js:2:6893

JavaScript error: , line 0: TypeError: NetworkError when attempting to fetch resource.
JavaScript warning: https://www.googletagmanager.com/gtag/js?id=G-H3PL6NV56C&cx=c&_slc=1, line 344: Script terminated by timeout at:
T@https://www.googletagmanager.com/gtag/js?id=G-H3PL6NV56C&cx=c&_slc=1:344:667
h.Hm@https://www.googletagmanager.com/gtag/js?id=G-H3PL6NV56C&cx=c&_slc=1:611:24
c@https://www.googletagmanager.com/gtag/js?id=G-H3PL6NV56C&cx=c&_slc=1:625:675
wm@https://www.googletagmanager.com/gtag/js?id=G-H3PL6NV56C&cx=c&_slc=1:352:1
vm.prototype.flush@https://www.googletagmanager.com/gtag/js?id=G-H3PL6NV56C&cx=c&_slc=1:354:278
vm.prototype.push@https://www.googletagmanager.com/gtag/js?id=G-H3PL6NV56C&cx=c&_slc=1:352:395
om@https://www.googletagmanager.com/gtag/js?id=G-H3PL6NV56C&cx=c&_slc=1:349:743
WG/<@https://www.googletagmanager.com/gtag/js?id=G-H3PL6NV56C&cx=c&_slc=1:626:178
h.Rk/<@https://www.googletagmanager.com/gtag/js?id=G-H3PL6NV56C&cx=c&_slc=1:570:126
h.Rk/c/<@https://www.googletagmanager.com/gtag/js?id=G-H3PL6NV56C&cx=c&_slc=1:569:418
b@https://cdn.trackjs.com/agent/v3/latest/t.js:4:458

]]></system-err>
  </testcase>
  <testcase name="validateSubscriptionPackages[{country=kw, packages=[{type=LITE, price=1.2, currency=KWD}, {type=CLASSIC, price=2.5, currency=KWD}, {type=PREMIUM, price=4.8, currency=KWD}]}](2)" classname="com.testcrew.stc.tests.SubscriptionTest" time="9.492">
    <system-err><![CDATA[JavaScript error: , line 0: TypeError: NetworkError when attempting to fetch resource.
1721850660126	addons.xpi	ERROR	System addon update list error SyntaxError: XMLHttpRequest.open: 'http://%(server)s/dummy-system-addons.xml' is not a valid URL.
]]></system-err>
  </testcase>
  <testcase name="validateSubscriptionPackages[{country=bh, packages=[{type=LITE, price=2, currency=BHD}, {type=CLASSIC, price=3, currency=BHD}, {type=PREMIUM, price=6, currency=BHD}]}](3)" classname="com.testcrew.stc.tests.SubscriptionTest" time="8.604">
    <system-err><![CDATA[JavaScript error: , line 0: TypeError: NetworkError when attempting to fetch resource.
]]></system-err>
  </testcase>
</testsuite>